<?xml version="1.0" encoding="UTF-8"?>
<robot generator="Robot 6.0.2 (Python 3.13.1 on win32)" generated="20250424 16:32:37.347" rpa="false" schemaversion="3">
<suite id="s1" name="Test Sales Organization" source="C:\Users\kamyl\OneDrive\Área de Trabalho\Robot-Project\tests\test_sales_organization.robot">
<test id="s1-t1" name="Validação do Status 200 - Lista de Organizações" line="8">
<kw name="Iniciar Sessão SAP" library="sap_keywords">
<kw name="Create Session" library="RequestsLibrary">
<arg>sap</arg>
<arg>${BASE_URL}</arg>
<arg>headers=${HEADERS}</arg>
<doc>Create Session: create a HTTP session to a server</doc>
<msg timestamp="20250424 16:32:37.774" level="INFO">Creating Session using : alias=sap, url=https://sandbox.api.sap.com, headers={'APIKey': 'hijZGlnQZIgx5i5VNZmArILtcMn6i4ox', 'Accept': 'application/json'},                     cookies={}, auth=None, timeout=None, proxies=None, verify=False,                     debug=0 </msg>
<status status="PASS" starttime="20250424 16:32:37.774" endtime="20250424 16:32:37.774"/>
</kw>
<status status="PASS" starttime="20250424 16:32:37.774" endtime="20250424 16:32:37.774"/>
</kw>
<kw name="Buscar Lista de Organizações" library="sap_keywords">
<var>${resposta}</var>
<kw name="GET On Session" library="RequestsLibrary">
<var>${response}</var>
<arg>sap</arg>
<arg>${endpoint}</arg>
<doc>Sends a GET request on a previously created HTTP Session.</doc>
<msg timestamp="20250424 16:32:39.034" level="INFO">GET Request : url=https://sandbox.api.sap.com/s4hanacloud/sap/opu/odata/sap/API_SALESORGANIZATION_SRV/A_SalesOrganization 
 path_url=/s4hanacloud/sap/opu/odata/sap/API_SALESORGANIZATION_SRV/A_SalesOrganization 
 headers={'User-Agent': 'python-requests/2.32.3', 'Accept-Encoding': 'gzip, deflate', 'Accept': 'application/json', 'Connection': 'keep-alive', 'APIKey': 'hijZGlnQZIgx5i5VNZmArILtcMn6i4ox'} 
 body=None 
 </msg>
<msg timestamp="20250424 16:32:39.034" level="INFO">GET Response : url=https://sandbox.api.sap.com/s4hanacloud/sap/opu/odata/sap/API_SALESORGANIZATION_SRV/A_SalesOrganization 
 status=200, reason=OK 
 headers={'Date': 'Thu, 24 Apr 2025 19:32:38 GMT', 'Content-Type': 'application/json; charset=utf-8', 'Transfer-Encoding': 'chunked', 'Connection': 'keep-alive', 'set-cookie': 'sap-usercontext=sap-client=100; path=/', 'sap-metadata-last-modified': 'Sun, 16 Mar 2025 04:54:35 GMT', 'cache-control': 'no-store, no-cache', 'dataserviceversion': '2.0', 'sap-processing-info': 'ODataBEP=,crp=,RAL=,st=X,MedCacheHub=Table,MedCacheBEP=Table,codeployed=X,softstate=', 'sap-server': 'true', 'sap-perf-fesrec': '64076.000000', 'content-encoding': 'gzip', 'x-content-type-options': 'nosniff', 'strict-transport-security': 'max-age=31536000; includeSubDomains', 'x-xss-protection': '1; mode=block', 'sap-passport-component': 'none', 'Access-Control-Allow-Origin': '*', 'Access-Control-Allow-Credentials': 'false', 'Access-Control-Allow-Headers': 'set-cookie, origin, accept, maxdataserviceversion, x-csrf-token, apikey, dataserviceversion, accept-language, x-http-method,content-type,X-Requested-With', 'Access-Control-Max-Age': '3628800', 'Access-Control-Allow-Methods': 'GET, PUT, POST, DELETE', 'Access-Control-Expose-Headers': 'set-cookie, x-csrf-token, x-http-method'} 
 body={"d":{"results":[{"__metadata":{"id":"https://sandbox.api.sap.com/s4hanacloud/sap/opu/odata/sap/API_SALESORGANIZATION_SRV/A_SalesOrganization('1010')","uri":"https://sandbox.api.sap.com/s4hanacloud/sap/opu/odata/sap/API_SALESORGANIZATION_SRV/A_SalesOrganization('1010')","type":"API_SALESORGANIZATION_SRV.A_SalesOrganizationType"},"SalesOrganization":"1010","SalesOrganizationCurrency":"EUR","CompanyCode":"1010","IntercompanyBillingCustomer":"10401010","to_Text":{"__deferred":{"uri":"https://sandbox.api.sap.com/s4hanacloud/sap/opu/odata/sap/API_SALESORGANIZATION_SRV/A_SalesOrganization('1010')/to_Text"}}},{"__metadata":{"id":"https://sandbox.api.sap.com/s4hanacloud/sap/opu/odata/sap/API_SALESORGANIZATION_SRV/A_SalesOrganization('3010')","uri":"https://sandbox.api.sap.com/s4hanacloud/sap/opu/odata/sap/API_SALESORGANIZATION_SRV/A_SalesOrganization('3010')","type":"API_SALESORGANIZATION_SRV.A_SalesOrganizationType"},"SalesOrganization":"3010","SalesOrganizationCurrency":"AUD","CompanyCode":"3010","IntercompanyBillingCustomer":"30403010","to_Text":{"__deferred":{"uri":"https://sandbox.api.sap.com/s4hanacloud/sap/opu/odata/sap/API_SALESORGANIZATION_SRV/A_SalesOrganization('3010')/to_Text"}}},{"__metadata":{"id":"https://sandbox.api.sap.com/s4hanacloud/sap/opu/odata/sap/API_SALESORGANIZATION_SRV/A_SalesOrganization('1710')","uri":"https://sandbox.api.sap.com/s4hanacloud/sap/opu/odata/sap/API_SALESORGANIZATION_SRV/A_SalesOrganization('1710')","type":"API_SALESORGANIZATION_SRV.A_SalesOrganizationType"},"SalesOrganization":"1710","SalesOrganizationCurrency":"USD","CompanyCode":"1710","IntercompanyBillingCustomer":"17401710","to_Text":{"__deferred":{"uri":"https://sandbox.api.sap.com/s4hanacloud/sap/opu/odata/sap/API_SALESORGANIZATION_SRV/A_SalesOrganization('1710')/to_Text"}}},{"__metadata":{"id":"https://sandbox.api.sap.com/s4hanacloud/sap/opu/odata/sap/API_SALESORGANIZATION_SRV/A_SalesOrganization('UK10')","uri":"https://sandbox.api.sap.com/s4hanacloud/sap/opu/odata/sap/API_SALESORGANIZATION_SRV/A_SalesOrganization('UK10')","type":"API_SALESORGANIZATION_SRV.A_SalesOrganizationType"},"SalesOrganization":"UK10","SalesOrganizationCurrency":"GBP","CompanyCode":"UK10","IntercompanyBillingCustomer":"174UK10","to_Text":{"__deferred":{"uri":"https://sandbox.api.sap.com/s4hanacloud/sap/opu/odata/sap/API_SALESORGANIZATION_SRV/A_SalesOrganization('UK10')/to_Text"}}},{"__metadata":{"id":"https://sandbox.api.sap.com/s4hanacloud/sap/opu/odata/sap/API_SALESORGANIZATION_SRV/A_SalesOrganization('1110')","uri":"https://sandbox.api.sap.com/s4hanacloud/sap/opu/odata/sap/API_SALESORGANIZATION_SRV/A_SalesOrganization('1110')","type":"API_SALESORGANIZATION_SRV.A_SalesOrganizationType"},"SalesOrganization":"1110","SalesOrganizationCurrency":"GBP","CompanyCode":"1110","IntercompanyBillingCustomer":"11401110","to_Text":{"__deferred":{"uri":"https://sandbox.api.sap.com/s4hanacloud/sap/opu/odata/sap/API_SALESORGANIZATION_SRV/A_SalesOrganization('1110')/to_Text"}}},{"__metadata":{"id":"https://sandbox.api.sap.com/s4hanacloud/sap/opu/odata/sap/API_SALESORGANIZATION_SRV/A_SalesOrganization('AU10')","uri":"https://sandbox.api.sap.com/s4hanacloud/sap/opu/odata/sap/API_SALESORGANIZATION_SRV/A_SalesOrganization('AU10')","type":"API_SALESORGANIZATION_SRV.A_SalesOrganizationType"},"SalesOrganization":"AU10","SalesOrganizationCurrency":"AUD","CompanyCode":"AU10","IntercompanyBillingCustomer":"","to_Text":{"__deferred":{"uri":"https://sandbox.api.sap.com/s4hanacloud/sap/opu/odata/sap/API_SALESORGANIZATION_SRV/A_SalesOrganization('AU10')/to_Text"}}},{"__metadata":{"id":"https://sandbox.api.sap.com/s4hanacloud/sap/opu/odata/sap/API_SALESORGANIZATION_SRV/A_SalesOrganization('DE10')","uri":"https://sandbox.api.sap.com/s4hanacloud/sap/opu/odata/sap/API_SALESORGANIZATION_SRV/A_SalesOrganization('DE10')","type":"API_SALESORGANIZATION_SRV.A_SalesOrganizationType"},"SalesOrganization":"DE10","SalesOrganizationCurrency":"EUR","CompanyCode":"DE10","IntercompanyBillingCustomer":"174DE10","to_Text":{"__deferred":{"uri":"https://sandbox.api.sap.com/s4hanacloud/sap/opu/odata/sap/API_SALESORGANIZATION_SRV/A_SalesOrganization('DE10')/to_Text"}}},{"__metadata":{"id":"https://sandbox.api.sap.com/s4hanacloud/sap/opu/odata/sap/API_SALESORGANIZATION_SRV/A_SalesOrganization('DE20')","uri":"https://sandbox.api.sap.com/s4hanacloud/sap/opu/odata/sap/API_SALESORGANIZATION_SRV/A_SalesOrganization('DE20')","type":"API_SALESORGANIZATION_SRV.A_SalesOrganizationType"},"SalesOrganization":"DE20","SalesOrganizationCurrency":"EUR","CompanyCode":"DE20","IntercompanyBillingCustomer":"1040DE20","to_Text":{"__deferred":{"uri":"https://sandbox.api.sap.com/s4hanacloud/sap/opu/odata/sap/API_SALESORGANIZATION_SRV/A_SalesOrganization('DE20')/to_Text"}}},{"__metadata":{"id":"https://sandbox.api.sap.com/s4hanacloud/sap/opu/odata/sap/API_SALESORGANIZATION_SRV/A_SalesOrganization('DEC1')","uri":"https://sandbox.api.sap.com/s4hanacloud/sap/opu/odata/sap/API_SALESORGANIZATION_SRV/A_SalesOrganization('DEC1')","type":"API_SALESORGANIZATION_SRV.A_SalesOrganizationType"},"SalesOrganization":"DEC1","SalesOrganizationCurrency":"EUR","CompanyCode":"DEC1","IntercompanyBillingCustomer":"DE40DEC1","to_Text":{"__deferred":{"uri":"https://sandbox.api.sap.com/s4hanacloud/sap/opu/odata/sap/API_SALESORGANIZATION_SRV/A_SalesOrganization('DEC1')/to_Text"}}},{"__metadata":{"id":"https://sandbox.api.sap.com/s4hanacloud/sap/opu/odata/sap/API_SALESORGANIZATION_SRV/A_SalesOrganization('AUC1')","uri":"https://sandbox.api.sap.com/s4hanacloud/sap/opu/odata/sap/API_SALESORGANIZATION_SRV/A_SalesOrganization('AUC1')","type":"API_SALESORGANIZATION_SRV.A_SalesOrganizationType"},"SalesOrganization":"AUC1","SalesOrganizationCurrency":"AUD","CompanyCode":"AUC1","IntercompanyBillingCustomer":"AU40AUC1","to_Text":{"__deferred":{"uri":"https://sandbox.api.sap.com/s4hanacloud/sap/opu/odata/sap/API_SALESORGANIZATION_SRV/A_SalesOrganization('AUC1')/to_Text"}}},{"__metadata":{"id":"https://sandbox.api.sap.com/s4hanacloud/sap/opu/odata/sap/API_SALESORGANIZATION_SRV/A_SalesOrganization('US10')","uri":"https://sandbox.api.sap.com/s4hanacloud/sap/opu/odata/sap/API_SALESORGANIZATION_SRV/A_SalesOrganization('US10')","type":"API_SALESORGANIZATION_SRV.A_SalesOrganizationType"},"SalesOrganization":"US10","SalesOrganizationCurrency":"USD","CompanyCode":"US10","IntercompanyBillingCustomer":"174US10","to_Text":{"__deferred":{"uri":"https://sandbox.api.sap.com/s4hanacloud/sap/opu/odata/sap/API_SALESORGANIZATION_SRV/A_SalesOrganization('US10')/to_Text"}}},{"__metadata":{"id":"https://sandbox.api.sap.com/s4hanacloud/sap/opu/odata/sap/API_SALESORGANIZATION_SRV/A_SalesOrganization('US20')","uri":"https://sandbox.api.sap.com/s4hanacloud/sap/opu/odata/sap/API_SALESORGANIZATION_SRV/A_SalesOrganization('US20')","type":"API_SALESORGANIZATION_SRV.A_SalesOrganizationType"},"SalesOrganization":"US20","SalesOrganizationCurrency":"USD","CompanyCode":"US20","IntercompanyBillingCustomer":"1740US20","to_Text":{"__deferred":{"uri":"https://sandbox.api.sap.com/s4hanacloud/sap/opu/odata/sap/API_SALESORGANIZATION_SRV/A_SalesOrganization('US20')/to_Text"}}},{"__metadata":{"id":"https://sandbox.api.sap.com/s4hanacloud/sap/opu/odata/sap/API_SALESORGANIZATION_SRV/A_SalesOrganization('USC1')","uri":"https://sandbox.api.sap.com/s4hanacloud/sap/opu/odata/sap/API_SALESORGANIZATION_SRV/A_SalesOrganization('USC1')","type":"API_SALESORGANIZATION_SRV.A_SalesOrganizationType"},"SalesOrganization":"USC1","SalesOrganizationCurrency":"USD","CompanyCode":"USC1","IntercompanyBillingCustomer":"US40USC1","to_Text":{"__deferred":{"uri":"https://sandbox.api.sap.com/s4hanacloud/sap/opu/odata/sap/API_SALESORGANIZATION_SRV/A_SalesOrganization('USC1')/to_Text"}}},{"__metadata":{"id":"https://sandbox.api.sap.com/s4hanacloud/sap/opu/odata/sap/API_SALESORGANIZATION_SRV/A_SalesOrganization('6666')","uri":"https://sandbox.api.sap.com/s4hanacloud/sap/opu/odata/sap/API_SALESORGANIZATION_SRV/A_SalesOrganization('6666')","type":"API_SALESORGANIZATION_SRV.A_SalesOrganizationType"},"SalesOrganization":"6666","SalesOrganizationCurrency":"AUD","CompanyCode":"6666","IntercompanyBillingCustomer":"","to_Text":{"__deferred":{"uri":"https://sandbox.api.sap.com/s4hanacloud/sap/opu/odata/sap/API_SALESORGANIZATION_SRV/A_SalesOrganization('6666')/to_Text"}}},{"__metadata":{"id":"https://sandbox.api.sap.com/s4hanacloud/sap/opu/odata/sap/API_SALESORGANIZATION_SRV/A_SalesOrganization('HO12')","uri":"https://sandbox.api.sap.com/s4hanacloud/sap/opu/odata/sap/API_SALESORGANIZATION_SRV/A_SalesOrganization('HO12')","type":"API_SALESORGANIZATION_SRV.A_SalesOrganizationType"},"SalesOrganization":"HO12","SalesOrganizationCurrency":"USD","CompanyCode":"HO12","IntercompanyBillingCustomer":"","to_Text":{"__deferred":{"uri":"https://sandbox.api.sap.com/s4hanacloud/sap/opu/odata/sap/API_SALESORGANIZATION_SRV/A_SalesOrganization('HO12')/to_Text"}}}]}} 
 </msg>
<msg timestamp="20250424 16:32:39.035" level="INFO">C:\Users\kamyl\AppData\Local\Programs\Python\Python313\Lib\site-packages\urllib3\connectionpool.py:1097: InsecureRequestWarning: Unverified HTTPS request is being made to host 'sandbox.api.sap.com'. Adding certificate verification is strongly advised. See: https://urllib3.readthedocs.io/en/latest/advanced-usage.html#tls-warnings
  warnings.warn(</msg>
<msg timestamp="20250424 16:32:39.036" level="INFO">${response} = &lt;Response [200]&gt;</msg>
<status status="PASS" starttime="20250424 16:32:37.775" endtime="20250424 16:32:39.036"/>
</kw>
<kw name="Should Be Equal As Strings" library="BuiltIn">
<arg>${response.status_code}</arg>
<arg>200</arg>
<doc>Fails if objects are unequal after converting them to strings.</doc>
<msg timestamp="20250424 16:32:39.037" level="INFO">Argument types are:
&lt;class 'int'&gt;
&lt;class 'str'&gt;</msg>
<status status="PASS" starttime="20250424 16:32:39.036" endtime="20250424 16:32:39.037"/>
</kw>
<msg timestamp="20250424 16:32:39.037" level="INFO">${resposta} = &lt;Response [200]&gt;</msg>
<status status="PASS" starttime="20250424 16:32:37.775" endtime="20250424 16:32:39.037"/>
</kw>
<kw name="Log" library="BuiltIn">
<arg>${resposta.text}</arg>
<doc>Logs the given message with the given level.</doc>
<msg timestamp="20250424 16:32:39.039" level="INFO">{"d":{"results":[{"__metadata":{"id":"https://sandbox.api.sap.com/s4hanacloud/sap/opu/odata/sap/API_SALESORGANIZATION_SRV/A_SalesOrganization('1010')","uri":"https://sandbox.api.sap.com/s4hanacloud/sap/opu/odata/sap/API_SALESORGANIZATION_SRV/A_SalesOrganization('1010')","type":"API_SALESORGANIZATION_SRV.A_SalesOrganizationType"},"SalesOrganization":"1010","SalesOrganizationCurrency":"EUR","CompanyCode":"1010","IntercompanyBillingCustomer":"10401010","to_Text":{"__deferred":{"uri":"https://sandbox.api.sap.com/s4hanacloud/sap/opu/odata/sap/API_SALESORGANIZATION_SRV/A_SalesOrganization('1010')/to_Text"}}},{"__metadata":{"id":"https://sandbox.api.sap.com/s4hanacloud/sap/opu/odata/sap/API_SALESORGANIZATION_SRV/A_SalesOrganization('3010')","uri":"https://sandbox.api.sap.com/s4hanacloud/sap/opu/odata/sap/API_SALESORGANIZATION_SRV/A_SalesOrganization('3010')","type":"API_SALESORGANIZATION_SRV.A_SalesOrganizationType"},"SalesOrganization":"3010","SalesOrganizationCurrency":"AUD","CompanyCode":"3010","IntercompanyBillingCustomer":"30403010","to_Text":{"__deferred":{"uri":"https://sandbox.api.sap.com/s4hanacloud/sap/opu/odata/sap/API_SALESORGANIZATION_SRV/A_SalesOrganization('3010')/to_Text"}}},{"__metadata":{"id":"https://sandbox.api.sap.com/s4hanacloud/sap/opu/odata/sap/API_SALESORGANIZATION_SRV/A_SalesOrganization('1710')","uri":"https://sandbox.api.sap.com/s4hanacloud/sap/opu/odata/sap/API_SALESORGANIZATION_SRV/A_SalesOrganization('1710')","type":"API_SALESORGANIZATION_SRV.A_SalesOrganizationType"},"SalesOrganization":"1710","SalesOrganizationCurrency":"USD","CompanyCode":"1710","IntercompanyBillingCustomer":"17401710","to_Text":{"__deferred":{"uri":"https://sandbox.api.sap.com/s4hanacloud/sap/opu/odata/sap/API_SALESORGANIZATION_SRV/A_SalesOrganization('1710')/to_Text"}}},{"__metadata":{"id":"https://sandbox.api.sap.com/s4hanacloud/sap/opu/odata/sap/API_SALESORGANIZATION_SRV/A_SalesOrganization('UK10')","uri":"https://sandbox.api.sap.com/s4hanacloud/sap/opu/odata/sap/API_SALESORGANIZATION_SRV/A_SalesOrganization('UK10')","type":"API_SALESORGANIZATION_SRV.A_SalesOrganizationType"},"SalesOrganization":"UK10","SalesOrganizationCurrency":"GBP","CompanyCode":"UK10","IntercompanyBillingCustomer":"174UK10","to_Text":{"__deferred":{"uri":"https://sandbox.api.sap.com/s4hanacloud/sap/opu/odata/sap/API_SALESORGANIZATION_SRV/A_SalesOrganization('UK10')/to_Text"}}},{"__metadata":{"id":"https://sandbox.api.sap.com/s4hanacloud/sap/opu/odata/sap/API_SALESORGANIZATION_SRV/A_SalesOrganization('1110')","uri":"https://sandbox.api.sap.com/s4hanacloud/sap/opu/odata/sap/API_SALESORGANIZATION_SRV/A_SalesOrganization('1110')","type":"API_SALESORGANIZATION_SRV.A_SalesOrganizationType"},"SalesOrganization":"1110","SalesOrganizationCurrency":"GBP","CompanyCode":"1110","IntercompanyBillingCustomer":"11401110","to_Text":{"__deferred":{"uri":"https://sandbox.api.sap.com/s4hanacloud/sap/opu/odata/sap/API_SALESORGANIZATION_SRV/A_SalesOrganization('1110')/to_Text"}}},{"__metadata":{"id":"https://sandbox.api.sap.com/s4hanacloud/sap/opu/odata/sap/API_SALESORGANIZATION_SRV/A_SalesOrganization('AU10')","uri":"https://sandbox.api.sap.com/s4hanacloud/sap/opu/odata/sap/API_SALESORGANIZATION_SRV/A_SalesOrganization('AU10')","type":"API_SALESORGANIZATION_SRV.A_SalesOrganizationType"},"SalesOrganization":"AU10","SalesOrganizationCurrency":"AUD","CompanyCode":"AU10","IntercompanyBillingCustomer":"","to_Text":{"__deferred":{"uri":"https://sandbox.api.sap.com/s4hanacloud/sap/opu/odata/sap/API_SALESORGANIZATION_SRV/A_SalesOrganization('AU10')/to_Text"}}},{"__metadata":{"id":"https://sandbox.api.sap.com/s4hanacloud/sap/opu/odata/sap/API_SALESORGANIZATION_SRV/A_SalesOrganization('DE10')","uri":"https://sandbox.api.sap.com/s4hanacloud/sap/opu/odata/sap/API_SALESORGANIZATION_SRV/A_SalesOrganization('DE10')","type":"API_SALESORGANIZATION_SRV.A_SalesOrganizationType"},"SalesOrganization":"DE10","SalesOrganizationCurrency":"EUR","CompanyCode":"DE10","IntercompanyBillingCustomer":"174DE10","to_Text":{"__deferred":{"uri":"https://sandbox.api.sap.com/s4hanacloud/sap/opu/odata/sap/API_SALESORGANIZATION_SRV/A_SalesOrganization('DE10')/to_Text"}}},{"__metadata":{"id":"https://sandbox.api.sap.com/s4hanacloud/sap/opu/odata/sap/API_SALESORGANIZATION_SRV/A_SalesOrganization('DE20')","uri":"https://sandbox.api.sap.com/s4hanacloud/sap/opu/odata/sap/API_SALESORGANIZATION_SRV/A_SalesOrganization('DE20')","type":"API_SALESORGANIZATION_SRV.A_SalesOrganizationType"},"SalesOrganization":"DE20","SalesOrganizationCurrency":"EUR","CompanyCode":"DE20","IntercompanyBillingCustomer":"1040DE20","to_Text":{"__deferred":{"uri":"https://sandbox.api.sap.com/s4hanacloud/sap/opu/odata/sap/API_SALESORGANIZATION_SRV/A_SalesOrganization('DE20')/to_Text"}}},{"__metadata":{"id":"https://sandbox.api.sap.com/s4hanacloud/sap/opu/odata/sap/API_SALESORGANIZATION_SRV/A_SalesOrganization('DEC1')","uri":"https://sandbox.api.sap.com/s4hanacloud/sap/opu/odata/sap/API_SALESORGANIZATION_SRV/A_SalesOrganization('DEC1')","type":"API_SALESORGANIZATION_SRV.A_SalesOrganizationType"},"SalesOrganization":"DEC1","SalesOrganizationCurrency":"EUR","CompanyCode":"DEC1","IntercompanyBillingCustomer":"DE40DEC1","to_Text":{"__deferred":{"uri":"https://sandbox.api.sap.com/s4hanacloud/sap/opu/odata/sap/API_SALESORGANIZATION_SRV/A_SalesOrganization('DEC1')/to_Text"}}},{"__metadata":{"id":"https://sandbox.api.sap.com/s4hanacloud/sap/opu/odata/sap/API_SALESORGANIZATION_SRV/A_SalesOrganization('AUC1')","uri":"https://sandbox.api.sap.com/s4hanacloud/sap/opu/odata/sap/API_SALESORGANIZATION_SRV/A_SalesOrganization('AUC1')","type":"API_SALESORGANIZATION_SRV.A_SalesOrganizationType"},"SalesOrganization":"AUC1","SalesOrganizationCurrency":"AUD","CompanyCode":"AUC1","IntercompanyBillingCustomer":"AU40AUC1","to_Text":{"__deferred":{"uri":"https://sandbox.api.sap.com/s4hanacloud/sap/opu/odata/sap/API_SALESORGANIZATION_SRV/A_SalesOrganization('AUC1')/to_Text"}}},{"__metadata":{"id":"https://sandbox.api.sap.com/s4hanacloud/sap/opu/odata/sap/API_SALESORGANIZATION_SRV/A_SalesOrganization('US10')","uri":"https://sandbox.api.sap.com/s4hanacloud/sap/opu/odata/sap/API_SALESORGANIZATION_SRV/A_SalesOrganization('US10')","type":"API_SALESORGANIZATION_SRV.A_SalesOrganizationType"},"SalesOrganization":"US10","SalesOrganizationCurrency":"USD","CompanyCode":"US10","IntercompanyBillingCustomer":"174US10","to_Text":{"__deferred":{"uri":"https://sandbox.api.sap.com/s4hanacloud/sap/opu/odata/sap/API_SALESORGANIZATION_SRV/A_SalesOrganization('US10')/to_Text"}}},{"__metadata":{"id":"https://sandbox.api.sap.com/s4hanacloud/sap/opu/odata/sap/API_SALESORGANIZATION_SRV/A_SalesOrganization('US20')","uri":"https://sandbox.api.sap.com/s4hanacloud/sap/opu/odata/sap/API_SALESORGANIZATION_SRV/A_SalesOrganization('US20')","type":"API_SALESORGANIZATION_SRV.A_SalesOrganizationType"},"SalesOrganization":"US20","SalesOrganizationCurrency":"USD","CompanyCode":"US20","IntercompanyBillingCustomer":"1740US20","to_Text":{"__deferred":{"uri":"https://sandbox.api.sap.com/s4hanacloud/sap/opu/odata/sap/API_SALESORGANIZATION_SRV/A_SalesOrganization('US20')/to_Text"}}},{"__metadata":{"id":"https://sandbox.api.sap.com/s4hanacloud/sap/opu/odata/sap/API_SALESORGANIZATION_SRV/A_SalesOrganization('USC1')","uri":"https://sandbox.api.sap.com/s4hanacloud/sap/opu/odata/sap/API_SALESORGANIZATION_SRV/A_SalesOrganization('USC1')","type":"API_SALESORGANIZATION_SRV.A_SalesOrganizationType"},"SalesOrganization":"USC1","SalesOrganizationCurrency":"USD","CompanyCode":"USC1","IntercompanyBillingCustomer":"US40USC1","to_Text":{"__deferred":{"uri":"https://sandbox.api.sap.com/s4hanacloud/sap/opu/odata/sap/API_SALESORGANIZATION_SRV/A_SalesOrganization('USC1')/to_Text"}}},{"__metadata":{"id":"https://sandbox.api.sap.com/s4hanacloud/sap/opu/odata/sap/API_SALESORGANIZATION_SRV/A_SalesOrganization('6666')","uri":"https://sandbox.api.sap.com/s4hanacloud/sap/opu/odata/sap/API_SALESORGANIZATION_SRV/A_SalesOrganization('6666')","type":"API_SALESORGANIZATION_SRV.A_SalesOrganizationType"},"SalesOrganization":"6666","SalesOrganizationCurrency":"AUD","CompanyCode":"6666","IntercompanyBillingCustomer":"","to_Text":{"__deferred":{"uri":"https://sandbox.api.sap.com/s4hanacloud/sap/opu/odata/sap/API_SALESORGANIZATION_SRV/A_SalesOrganization('6666')/to_Text"}}},{"__metadata":{"id":"https://sandbox.api.sap.com/s4hanacloud/sap/opu/odata/sap/API_SALESORGANIZATION_SRV/A_SalesOrganization('HO12')","uri":"https://sandbox.api.sap.com/s4hanacloud/sap/opu/odata/sap/API_SALESORGANIZATION_SRV/A_SalesOrganization('HO12')","type":"API_SALESORGANIZATION_SRV.A_SalesOrganizationType"},"SalesOrganization":"HO12","SalesOrganizationCurrency":"USD","CompanyCode":"HO12","IntercompanyBillingCustomer":"","to_Text":{"__deferred":{"uri":"https://sandbox.api.sap.com/s4hanacloud/sap/opu/odata/sap/API_SALESORGANIZATION_SRV/A_SalesOrganization('HO12')/to_Text"}}}]}}</msg>
<status status="PASS" starttime="20250424 16:32:39.038" endtime="20250424 16:32:39.039"/>
</kw>
<status status="PASS" starttime="20250424 16:32:37.774" endtime="20250424 16:32:39.039"/>
</test>
<test id="s1-t2" name="Validação com Filtro ID = 1010" line="14">
<kw name="Iniciar Sessão SAP" library="sap_keywords">
<kw name="Create Session" library="RequestsLibrary">
<arg>sap</arg>
<arg>${BASE_URL}</arg>
<arg>headers=${HEADERS}</arg>
<doc>Create Session: create a HTTP session to a server</doc>
<msg timestamp="20250424 16:32:39.043" level="INFO">Creating Session using : alias=sap, url=https://sandbox.api.sap.com, headers={'APIKey': 'hijZGlnQZIgx5i5VNZmArILtcMn6i4ox', 'Accept': 'application/json'},                     cookies={}, auth=None, timeout=None, proxies=None, verify=False,                     debug=0 </msg>
<status status="PASS" starttime="20250424 16:32:39.042" endtime="20250424 16:32:39.043"/>
</kw>
<status status="PASS" starttime="20250424 16:32:39.042" endtime="20250424 16:32:39.043"/>
</kw>
<kw name="Buscar Organização por ID" library="sap_keywords">
<var>${resposta}</var>
<arg>1010</arg>
<kw name="Set Variable" library="BuiltIn">
<var>${endpoint}</var>
<arg>${RESOURCE}('${id}')</arg>
<doc>Returns the given values which can then be assigned to a variables.</doc>
<msg timestamp="20250424 16:32:39.045" level="INFO">${endpoint} = /s4hanacloud/sap/opu/odata/sap/API_SALESORGANIZATION_SRV/A_SalesOrganization('1010')</msg>
<status status="PASS" starttime="20250424 16:32:39.045" endtime="20250424 16:32:39.045"/>
</kw>
<kw name="GET On Session" library="RequestsLibrary">
<var>${response}</var>
<arg>sap</arg>
<arg>${endpoint}</arg>
<doc>Sends a GET request on a previously created HTTP Session.</doc>
<msg timestamp="20250424 16:32:39.899" level="INFO">GET Request : url=https://sandbox.api.sap.com/s4hanacloud/sap/opu/odata/sap/API_SALESORGANIZATION_SRV/A_SalesOrganization('1010') 
 path_url=/s4hanacloud/sap/opu/odata/sap/API_SALESORGANIZATION_SRV/A_SalesOrganization('1010') 
 headers={'User-Agent': 'python-requests/2.32.3', 'Accept-Encoding': 'gzip, deflate', 'Accept': 'application/json', 'Connection': 'keep-alive', 'APIKey': 'hijZGlnQZIgx5i5VNZmArILtcMn6i4ox'} 
 body=None 
 </msg>
<msg timestamp="20250424 16:32:39.899" level="INFO">GET Response : url=https://sandbox.api.sap.com/s4hanacloud/sap/opu/odata/sap/API_SALESORGANIZATION_SRV/A_SalesOrganization('1010') 
 status=200, reason=OK 
 headers={'Date': 'Thu, 24 Apr 2025 19:32:39 GMT', 'Content-Type': 'application/json; charset=utf-8', 'Content-Length': '598', 'Connection': 'keep-alive', 'set-cookie': 'sap-usercontext=sap-client=100; path=/', 'dataserviceversion': '2.0', 'sap-metadata-last-modified': 'Sun, 16 Mar 2025 04:54:35 GMT', 'cache-control': 'no-store, no-cache', 'sap-processing-info': 'ODataBEP=,crp=,RAL=,st=,MedCacheHub=Table,codeployed=X,softstate=', 'sap-server': 'true', 'sap-perf-fesrec': '78952.000000', 'x-content-type-options': 'nosniff', 'strict-transport-security': 'max-age=31536000; includeSubDomains', 'x-xss-protection': '1; mode=block', 'sap-passport-component': 'none', 'Access-Control-Allow-Origin': '*', 'Access-Control-Allow-Credentials': 'false', 'Access-Control-Allow-Headers': 'set-cookie, origin, accept, maxdataserviceversion, x-csrf-token, apikey, dataserviceversion, accept-language, x-http-method,content-type,X-Requested-With', 'Access-Control-Max-Age': '3628800', 'Access-Control-Allow-Methods': 'GET, PUT, POST, DELETE', 'Access-Control-Expose-Headers': 'set-cookie, x-csrf-token, x-http-method'} 
 body={"d":{"__metadata":{"id":"https://sandbox.api.sap.com/s4hanacloud/sap/opu/odata/sap/API_SALESORGANIZATION_SRV/A_SalesOrganization('1010')","uri":"https://sandbox.api.sap.com/s4hanacloud/sap/opu/odata/sap/API_SALESORGANIZATION_SRV/A_SalesOrganization('1010')","type":"API_SALESORGANIZATION_SRV.A_SalesOrganizationType"},"SalesOrganization":"1010","SalesOrganizationCurrency":"EUR","CompanyCode":"1010","IntercompanyBillingCustomer":"10401010","to_Text":{"__deferred":{"uri":"https://sandbox.api.sap.com/s4hanacloud/sap/opu/odata/sap/API_SALESORGANIZATION_SRV/A_SalesOrganization('1010')/to_Text"}}}} 
 </msg>
<msg timestamp="20250424 16:32:39.899" level="INFO">C:\Users\kamyl\AppData\Local\Programs\Python\Python313\Lib\site-packages\urllib3\connectionpool.py:1097: InsecureRequestWarning: Unverified HTTPS request is being made to host 'sandbox.api.sap.com'. Adding certificate verification is strongly advised. See: https://urllib3.readthedocs.io/en/latest/advanced-usage.html#tls-warnings
  warnings.warn(</msg>
<msg timestamp="20250424 16:32:39.899" level="INFO">${response} = &lt;Response [200]&gt;</msg>
<status status="PASS" starttime="20250424 16:32:39.045" endtime="20250424 16:32:39.900"/>
</kw>
<kw name="Should Be Equal As Strings" library="BuiltIn">
<arg>${response.status_code}</arg>
<arg>200</arg>
<doc>Fails if objects are unequal after converting them to strings.</doc>
<msg timestamp="20250424 16:32:39.900" level="INFO">Argument types are:
&lt;class 'int'&gt;
&lt;class 'str'&gt;</msg>
<status status="PASS" starttime="20250424 16:32:39.900" endtime="20250424 16:32:39.900"/>
</kw>
<msg timestamp="20250424 16:32:39.900" level="INFO">${resposta} = &lt;Response [200]&gt;</msg>
<status status="PASS" starttime="20250424 16:32:39.044" endtime="20250424 16:32:39.900"/>
</kw>
<kw name="Log" library="BuiltIn">
<arg>${resposta.text}</arg>
<doc>Logs the given message with the given level.</doc>
<msg timestamp="20250424 16:32:39.902" level="INFO">{"d":{"__metadata":{"id":"https://sandbox.api.sap.com/s4hanacloud/sap/opu/odata/sap/API_SALESORGANIZATION_SRV/A_SalesOrganization('1010')","uri":"https://sandbox.api.sap.com/s4hanacloud/sap/opu/odata/sap/API_SALESORGANIZATION_SRV/A_SalesOrganization('1010')","type":"API_SALESORGANIZATION_SRV.A_SalesOrganizationType"},"SalesOrganization":"1010","SalesOrganizationCurrency":"EUR","CompanyCode":"1010","IntercompanyBillingCustomer":"10401010","to_Text":{"__deferred":{"uri":"https://sandbox.api.sap.com/s4hanacloud/sap/opu/odata/sap/API_SALESORGANIZATION_SRV/A_SalesOrganization('1010')/to_Text"}}}}</msg>
<status status="PASS" starttime="20250424 16:32:39.901" endtime="20250424 16:32:39.902"/>
</kw>
<status status="PASS" starttime="20250424 16:32:39.041" endtime="20250424 16:32:39.903"/>
</test>
<test id="s1-t3" name="Validação do CompanyCode da Organização 6666" line="19">
<kw name="Iniciar Sessão SAP" library="sap_keywords">
<kw name="Create Session" library="RequestsLibrary">
<arg>sap</arg>
<arg>${BASE_URL}</arg>
<arg>headers=${HEADERS}</arg>
<doc>Create Session: create a HTTP session to a server</doc>
<msg timestamp="20250424 16:32:39.906" level="INFO">Creating Session using : alias=sap, url=https://sandbox.api.sap.com, headers={'APIKey': 'hijZGlnQZIgx5i5VNZmArILtcMn6i4ox', 'Accept': 'application/json'},                     cookies={}, auth=None, timeout=None, proxies=None, verify=False,                     debug=0 </msg>
<status status="PASS" starttime="20250424 16:32:39.906" endtime="20250424 16:32:39.906"/>
</kw>
<status status="PASS" starttime="20250424 16:32:39.905" endtime="20250424 16:32:39.906"/>
</kw>
<kw name="Buscar Lista de Organizações" library="sap_keywords">
<var>${resposta}</var>
<kw name="GET On Session" library="RequestsLibrary">
<var>${response}</var>
<arg>sap</arg>
<arg>${endpoint}</arg>
<doc>Sends a GET request on a previously created HTTP Session.</doc>
<msg timestamp="20250424 16:32:40.745" level="INFO">GET Request : url=https://sandbox.api.sap.com/s4hanacloud/sap/opu/odata/sap/API_SALESORGANIZATION_SRV/A_SalesOrganization 
 path_url=/s4hanacloud/sap/opu/odata/sap/API_SALESORGANIZATION_SRV/A_SalesOrganization 
 headers={'User-Agent': 'python-requests/2.32.3', 'Accept-Encoding': 'gzip, deflate', 'Accept': 'application/json', 'Connection': 'keep-alive', 'APIKey': 'hijZGlnQZIgx5i5VNZmArILtcMn6i4ox'} 
 body=None 
 </msg>
<msg timestamp="20250424 16:32:40.745" level="INFO">GET Response : url=https://sandbox.api.sap.com/s4hanacloud/sap/opu/odata/sap/API_SALESORGANIZATION_SRV/A_SalesOrganization 
 status=200, reason=OK 
 headers={'Date': 'Thu, 24 Apr 2025 19:32:39 GMT', 'Content-Type': 'application/json; charset=utf-8', 'Transfer-Encoding': 'chunked', 'Connection': 'keep-alive', 'set-cookie': 'sap-usercontext=sap-client=100; path=/', 'sap-metadata-last-modified': 'Sun, 16 Mar 2025 04:54:35 GMT', 'cache-control': 'no-store, no-cache', 'dataserviceversion': '2.0', 'sap-processing-info': 'ODataBEP=,crp=,RAL=,st=X,MedCacheHub=Table,MedCacheBEP=Table,codeployed=X,softstate=', 'sap-server': 'true', 'sap-perf-fesrec': '61037.000000', 'content-encoding': 'gzip', 'x-content-type-options': 'nosniff', 'strict-transport-security': 'max-age=31536000; includeSubDomains', 'x-xss-protection': '1; mode=block', 'sap-passport-component': 'none', 'Access-Control-Allow-Origin': '*', 'Access-Control-Allow-Credentials': 'false', 'Access-Control-Allow-Headers': 'set-cookie, origin, accept, maxdataserviceversion, x-csrf-token, apikey, dataserviceversion, accept-language, x-http-method,content-type,X-Requested-With', 'Access-Control-Max-Age': '3628800', 'Access-Control-Allow-Methods': 'GET, PUT, POST, DELETE', 'Access-Control-Expose-Headers': 'set-cookie, x-csrf-token, x-http-method'} 
 body={"d":{"results":[{"__metadata":{"id":"https://sandbox.api.sap.com/s4hanacloud/sap/opu/odata/sap/API_SALESORGANIZATION_SRV/A_SalesOrganization('1010')","uri":"https://sandbox.api.sap.com/s4hanacloud/sap/opu/odata/sap/API_SALESORGANIZATION_SRV/A_SalesOrganization('1010')","type":"API_SALESORGANIZATION_SRV.A_SalesOrganizationType"},"SalesOrganization":"1010","SalesOrganizationCurrency":"EUR","CompanyCode":"1010","IntercompanyBillingCustomer":"10401010","to_Text":{"__deferred":{"uri":"https://sandbox.api.sap.com/s4hanacloud/sap/opu/odata/sap/API_SALESORGANIZATION_SRV/A_SalesOrganization('1010')/to_Text"}}},{"__metadata":{"id":"https://sandbox.api.sap.com/s4hanacloud/sap/opu/odata/sap/API_SALESORGANIZATION_SRV/A_SalesOrganization('3010')","uri":"https://sandbox.api.sap.com/s4hanacloud/sap/opu/odata/sap/API_SALESORGANIZATION_SRV/A_SalesOrganization('3010')","type":"API_SALESORGANIZATION_SRV.A_SalesOrganizationType"},"SalesOrganization":"3010","SalesOrganizationCurrency":"AUD","CompanyCode":"3010","IntercompanyBillingCustomer":"30403010","to_Text":{"__deferred":{"uri":"https://sandbox.api.sap.com/s4hanacloud/sap/opu/odata/sap/API_SALESORGANIZATION_SRV/A_SalesOrganization('3010')/to_Text"}}},{"__metadata":{"id":"https://sandbox.api.sap.com/s4hanacloud/sap/opu/odata/sap/API_SALESORGANIZATION_SRV/A_SalesOrganization('1710')","uri":"https://sandbox.api.sap.com/s4hanacloud/sap/opu/odata/sap/API_SALESORGANIZATION_SRV/A_SalesOrganization('1710')","type":"API_SALESORGANIZATION_SRV.A_SalesOrganizationType"},"SalesOrganization":"1710","SalesOrganizationCurrency":"USD","CompanyCode":"1710","IntercompanyBillingCustomer":"17401710","to_Text":{"__deferred":{"uri":"https://sandbox.api.sap.com/s4hanacloud/sap/opu/odata/sap/API_SALESORGANIZATION_SRV/A_SalesOrganization('1710')/to_Text"}}},{"__metadata":{"id":"https://sandbox.api.sap.com/s4hanacloud/sap/opu/odata/sap/API_SALESORGANIZATION_SRV/A_SalesOrganization('UK10')","uri":"https://sandbox.api.sap.com/s4hanacloud/sap/opu/odata/sap/API_SALESORGANIZATION_SRV/A_SalesOrganization('UK10')","type":"API_SALESORGANIZATION_SRV.A_SalesOrganizationType"},"SalesOrganization":"UK10","SalesOrganizationCurrency":"GBP","CompanyCode":"UK10","IntercompanyBillingCustomer":"174UK10","to_Text":{"__deferred":{"uri":"https://sandbox.api.sap.com/s4hanacloud/sap/opu/odata/sap/API_SALESORGANIZATION_SRV/A_SalesOrganization('UK10')/to_Text"}}},{"__metadata":{"id":"https://sandbox.api.sap.com/s4hanacloud/sap/opu/odata/sap/API_SALESORGANIZATION_SRV/A_SalesOrganization('1110')","uri":"https://sandbox.api.sap.com/s4hanacloud/sap/opu/odata/sap/API_SALESORGANIZATION_SRV/A_SalesOrganization('1110')","type":"API_SALESORGANIZATION_SRV.A_SalesOrganizationType"},"SalesOrganization":"1110","SalesOrganizationCurrency":"GBP","CompanyCode":"1110","IntercompanyBillingCustomer":"11401110","to_Text":{"__deferred":{"uri":"https://sandbox.api.sap.com/s4hanacloud/sap/opu/odata/sap/API_SALESORGANIZATION_SRV/A_SalesOrganization('1110')/to_Text"}}},{"__metadata":{"id":"https://sandbox.api.sap.com/s4hanacloud/sap/opu/odata/sap/API_SALESORGANIZATION_SRV/A_SalesOrganization('AU10')","uri":"https://sandbox.api.sap.com/s4hanacloud/sap/opu/odata/sap/API_SALESORGANIZATION_SRV/A_SalesOrganization('AU10')","type":"API_SALESORGANIZATION_SRV.A_SalesOrganizationType"},"SalesOrganization":"AU10","SalesOrganizationCurrency":"AUD","CompanyCode":"AU10","IntercompanyBillingCustomer":"","to_Text":{"__deferred":{"uri":"https://sandbox.api.sap.com/s4hanacloud/sap/opu/odata/sap/API_SALESORGANIZATION_SRV/A_SalesOrganization('AU10')/to_Text"}}},{"__metadata":{"id":"https://sandbox.api.sap.com/s4hanacloud/sap/opu/odata/sap/API_SALESORGANIZATION_SRV/A_SalesOrganization('DE10')","uri":"https://sandbox.api.sap.com/s4hanacloud/sap/opu/odata/sap/API_SALESORGANIZATION_SRV/A_SalesOrganization('DE10')","type":"API_SALESORGANIZATION_SRV.A_SalesOrganizationType"},"SalesOrganization":"DE10","SalesOrganizationCurrency":"EUR","CompanyCode":"DE10","IntercompanyBillingCustomer":"174DE10","to_Text":{"__deferred":{"uri":"https://sandbox.api.sap.com/s4hanacloud/sap/opu/odata/sap/API_SALESORGANIZATION_SRV/A_SalesOrganization('DE10')/to_Text"}}},{"__metadata":{"id":"https://sandbox.api.sap.com/s4hanacloud/sap/opu/odata/sap/API_SALESORGANIZATION_SRV/A_SalesOrganization('DE20')","uri":"https://sandbox.api.sap.com/s4hanacloud/sap/opu/odata/sap/API_SALESORGANIZATION_SRV/A_SalesOrganization('DE20')","type":"API_SALESORGANIZATION_SRV.A_SalesOrganizationType"},"SalesOrganization":"DE20","SalesOrganizationCurrency":"EUR","CompanyCode":"DE20","IntercompanyBillingCustomer":"1040DE20","to_Text":{"__deferred":{"uri":"https://sandbox.api.sap.com/s4hanacloud/sap/opu/odata/sap/API_SALESORGANIZATION_SRV/A_SalesOrganization('DE20')/to_Text"}}},{"__metadata":{"id":"https://sandbox.api.sap.com/s4hanacloud/sap/opu/odata/sap/API_SALESORGANIZATION_SRV/A_SalesOrganization('DEC1')","uri":"https://sandbox.api.sap.com/s4hanacloud/sap/opu/odata/sap/API_SALESORGANIZATION_SRV/A_SalesOrganization('DEC1')","type":"API_SALESORGANIZATION_SRV.A_SalesOrganizationType"},"SalesOrganization":"DEC1","SalesOrganizationCurrency":"EUR","CompanyCode":"DEC1","IntercompanyBillingCustomer":"DE40DEC1","to_Text":{"__deferred":{"uri":"https://sandbox.api.sap.com/s4hanacloud/sap/opu/odata/sap/API_SALESORGANIZATION_SRV/A_SalesOrganization('DEC1')/to_Text"}}},{"__metadata":{"id":"https://sandbox.api.sap.com/s4hanacloud/sap/opu/odata/sap/API_SALESORGANIZATION_SRV/A_SalesOrganization('AUC1')","uri":"https://sandbox.api.sap.com/s4hanacloud/sap/opu/odata/sap/API_SALESORGANIZATION_SRV/A_SalesOrganization('AUC1')","type":"API_SALESORGANIZATION_SRV.A_SalesOrganizationType"},"SalesOrganization":"AUC1","SalesOrganizationCurrency":"AUD","CompanyCode":"AUC1","IntercompanyBillingCustomer":"AU40AUC1","to_Text":{"__deferred":{"uri":"https://sandbox.api.sap.com/s4hanacloud/sap/opu/odata/sap/API_SALESORGANIZATION_SRV/A_SalesOrganization('AUC1')/to_Text"}}},{"__metadata":{"id":"https://sandbox.api.sap.com/s4hanacloud/sap/opu/odata/sap/API_SALESORGANIZATION_SRV/A_SalesOrganization('US10')","uri":"https://sandbox.api.sap.com/s4hanacloud/sap/opu/odata/sap/API_SALESORGANIZATION_SRV/A_SalesOrganization('US10')","type":"API_SALESORGANIZATION_SRV.A_SalesOrganizationType"},"SalesOrganization":"US10","SalesOrganizationCurrency":"USD","CompanyCode":"US10","IntercompanyBillingCustomer":"174US10","to_Text":{"__deferred":{"uri":"https://sandbox.api.sap.com/s4hanacloud/sap/opu/odata/sap/API_SALESORGANIZATION_SRV/A_SalesOrganization('US10')/to_Text"}}},{"__metadata":{"id":"https://sandbox.api.sap.com/s4hanacloud/sap/opu/odata/sap/API_SALESORGANIZATION_SRV/A_SalesOrganization('US20')","uri":"https://sandbox.api.sap.com/s4hanacloud/sap/opu/odata/sap/API_SALESORGANIZATION_SRV/A_SalesOrganization('US20')","type":"API_SALESORGANIZATION_SRV.A_SalesOrganizationType"},"SalesOrganization":"US20","SalesOrganizationCurrency":"USD","CompanyCode":"US20","IntercompanyBillingCustomer":"1740US20","to_Text":{"__deferred":{"uri":"https://sandbox.api.sap.com/s4hanacloud/sap/opu/odata/sap/API_SALESORGANIZATION_SRV/A_SalesOrganization('US20')/to_Text"}}},{"__metadata":{"id":"https://sandbox.api.sap.com/s4hanacloud/sap/opu/odata/sap/API_SALESORGANIZATION_SRV/A_SalesOrganization('USC1')","uri":"https://sandbox.api.sap.com/s4hanacloud/sap/opu/odata/sap/API_SALESORGANIZATION_SRV/A_SalesOrganization('USC1')","type":"API_SALESORGANIZATION_SRV.A_SalesOrganizationType"},"SalesOrganization":"USC1","SalesOrganizationCurrency":"USD","CompanyCode":"USC1","IntercompanyBillingCustomer":"US40USC1","to_Text":{"__deferred":{"uri":"https://sandbox.api.sap.com/s4hanacloud/sap/opu/odata/sap/API_SALESORGANIZATION_SRV/A_SalesOrganization('USC1')/to_Text"}}},{"__metadata":{"id":"https://sandbox.api.sap.com/s4hanacloud/sap/opu/odata/sap/API_SALESORGANIZATION_SRV/A_SalesOrganization('6666')","uri":"https://sandbox.api.sap.com/s4hanacloud/sap/opu/odata/sap/API_SALESORGANIZATION_SRV/A_SalesOrganization('6666')","type":"API_SALESORGANIZATION_SRV.A_SalesOrganizationType"},"SalesOrganization":"6666","SalesOrganizationCurrency":"AUD","CompanyCode":"6666","IntercompanyBillingCustomer":"","to_Text":{"__deferred":{"uri":"https://sandbox.api.sap.com/s4hanacloud/sap/opu/odata/sap/API_SALESORGANIZATION_SRV/A_SalesOrganization('6666')/to_Text"}}},{"__metadata":{"id":"https://sandbox.api.sap.com/s4hanacloud/sap/opu/odata/sap/API_SALESORGANIZATION_SRV/A_SalesOrganization('HO12')","uri":"https://sandbox.api.sap.com/s4hanacloud/sap/opu/odata/sap/API_SALESORGANIZATION_SRV/A_SalesOrganization('HO12')","type":"API_SALESORGANIZATION_SRV.A_SalesOrganizationType"},"SalesOrganization":"HO12","SalesOrganizationCurrency":"USD","CompanyCode":"HO12","IntercompanyBillingCustomer":"","to_Text":{"__deferred":{"uri":"https://sandbox.api.sap.com/s4hanacloud/sap/opu/odata/sap/API_SALESORGANIZATION_SRV/A_SalesOrganization('HO12')/to_Text"}}}]}} 
 </msg>
<msg timestamp="20250424 16:32:40.745" level="INFO">C:\Users\kamyl\AppData\Local\Programs\Python\Python313\Lib\site-packages\urllib3\connectionpool.py:1097: InsecureRequestWarning: Unverified HTTPS request is being made to host 'sandbox.api.sap.com'. Adding certificate verification is strongly advised. See: https://urllib3.readthedocs.io/en/latest/advanced-usage.html#tls-warnings
  warnings.warn(</msg>
<msg timestamp="20250424 16:32:40.746" level="INFO">${response} = &lt;Response [200]&gt;</msg>
<status status="PASS" starttime="20250424 16:32:39.907" endtime="20250424 16:32:40.746"/>
</kw>
<kw name="Should Be Equal As Strings" library="BuiltIn">
<arg>${response.status_code}</arg>
<arg>200</arg>
<doc>Fails if objects are unequal after converting them to strings.</doc>
<msg timestamp="20250424 16:32:40.746" level="INFO">Argument types are:
&lt;class 'int'&gt;
&lt;class 'str'&gt;</msg>
<status status="PASS" starttime="20250424 16:32:40.746" endtime="20250424 16:32:40.746"/>
</kw>
<msg timestamp="20250424 16:32:40.747" level="INFO">${resposta} = &lt;Response [200]&gt;</msg>
<status status="PASS" starttime="20250424 16:32:39.907" endtime="20250424 16:32:40.747"/>
</kw>
<kw name="Verificar CompanyCode da Organização 6666" library="sap_keywords">
<arg>${resposta}</arg>
<kw name="Call Method" library="BuiltIn">
<var>${json}</var>
<arg>${response}</arg>
<arg>json</arg>
<doc>Calls the named method of the given object with the provided arguments.</doc>
<msg timestamp="20250424 16:32:40.749" level="INFO">${json} = {'d': {'results': [{'__metadata': {'id': "https://sandbox.api.sap.com/s4hanacloud/sap/opu/odata/sap/API_SALESORGANIZATION_SRV/A_SalesOrganization('1010')", 'uri': "https://sandbox.api.sap.com/s4hanacl...</msg>
<status status="PASS" starttime="20250424 16:32:40.748" endtime="20250424 16:32:40.749"/>
</kw>
<for flavor="IN">
<var>${item}</var>
<value>@{json['d']['results']}</value>
<iter>
<var name="${item}">{'__metadata': {'id': "https://sandbox.api.sap.com/s4hanacloud/sap/opu/odata/sap/API_SALESORGANIZATION_SRV/A_SalesOrganization('1010')", 'uri': "https://sandbox.api.sap.com/s4hanacloud/sap/opu/odata/s...</var>
<kw name="Run Keyword If" library="BuiltIn">
<arg>'${item["SalesOrganization"]}' == '6666'</arg>
<arg>Should Be Equal As Strings</arg>
<arg>${item["CompanyCode"]}</arg>
<arg>6666</arg>
<doc>Runs the given keyword with the given arguments, if ``condition`` is true.</doc>
<status status="PASS" starttime="20250424 16:32:40.749" endtime="20250424 16:32:40.750"/>
</kw>
<status status="PASS" starttime="20250424 16:32:40.749" endtime="20250424 16:32:40.750"/>
</iter>
<iter>
<var name="${item}">{'__metadata': {'id': "https://sandbox.api.sap.com/s4hanacloud/sap/opu/odata/sap/API_SALESORGANIZATION_SRV/A_SalesOrganization('3010')", 'uri': "https://sandbox.api.sap.com/s4hanacloud/sap/opu/odata/s...</var>
<kw name="Run Keyword If" library="BuiltIn">
<arg>'${item["SalesOrganization"]}' == '6666'</arg>
<arg>Should Be Equal As Strings</arg>
<arg>${item["CompanyCode"]}</arg>
<arg>6666</arg>
<doc>Runs the given keyword with the given arguments, if ``condition`` is true.</doc>
<status status="PASS" starttime="20250424 16:32:40.750" endtime="20250424 16:32:40.751"/>
</kw>
<status status="PASS" starttime="20250424 16:32:40.750" endtime="20250424 16:32:40.751"/>
</iter>
<iter>
<var name="${item}">{'__metadata': {'id': "https://sandbox.api.sap.com/s4hanacloud/sap/opu/odata/sap/API_SALESORGANIZATION_SRV/A_SalesOrganization('1710')", 'uri': "https://sandbox.api.sap.com/s4hanacloud/sap/opu/odata/s...</var>
<kw name="Run Keyword If" library="BuiltIn">
<arg>'${item["SalesOrganization"]}' == '6666'</arg>
<arg>Should Be Equal As Strings</arg>
<arg>${item["CompanyCode"]}</arg>
<arg>6666</arg>
<doc>Runs the given keyword with the given arguments, if ``condition`` is true.</doc>
<status status="PASS" starttime="20250424 16:32:40.751" endtime="20250424 16:32:40.752"/>
</kw>
<status status="PASS" starttime="20250424 16:32:40.751" endtime="20250424 16:32:40.752"/>
</iter>
<iter>
<var name="${item}">{'__metadata': {'id': "https://sandbox.api.sap.com/s4hanacloud/sap/opu/odata/sap/API_SALESORGANIZATION_SRV/A_SalesOrganization('UK10')", 'uri': "https://sandbox.api.sap.com/s4hanacloud/sap/opu/odata/s...</var>
<kw name="Run Keyword If" library="BuiltIn">
<arg>'${item["SalesOrganization"]}' == '6666'</arg>
<arg>Should Be Equal As Strings</arg>
<arg>${item["CompanyCode"]}</arg>
<arg>6666</arg>
<doc>Runs the given keyword with the given arguments, if ``condition`` is true.</doc>
<status status="PASS" starttime="20250424 16:32:40.752" endtime="20250424 16:32:40.752"/>
</kw>
<status status="PASS" starttime="20250424 16:32:40.752" endtime="20250424 16:32:40.752"/>
</iter>
<iter>
<var name="${item}">{'__metadata': {'id': "https://sandbox.api.sap.com/s4hanacloud/sap/opu/odata/sap/API_SALESORGANIZATION_SRV/A_SalesOrganization('1110')", 'uri': "https://sandbox.api.sap.com/s4hanacloud/sap/opu/odata/s...</var>
<kw name="Run Keyword If" library="BuiltIn">
<arg>'${item["SalesOrganization"]}' == '6666'</arg>
<arg>Should Be Equal As Strings</arg>
<arg>${item["CompanyCode"]}</arg>
<arg>6666</arg>
<doc>Runs the given keyword with the given arguments, if ``condition`` is true.</doc>
<status status="PASS" starttime="20250424 16:32:40.753" endtime="20250424 16:32:40.753"/>
</kw>
<status status="PASS" starttime="20250424 16:32:40.753" endtime="20250424 16:32:40.753"/>
</iter>
<iter>
<var name="${item}">{'__metadata': {'id': "https://sandbox.api.sap.com/s4hanacloud/sap/opu/odata/sap/API_SALESORGANIZATION_SRV/A_SalesOrganization('AU10')", 'uri': "https://sandbox.api.sap.com/s4hanacloud/sap/opu/odata/s...</var>
<kw name="Run Keyword If" library="BuiltIn">
<arg>'${item["SalesOrganization"]}' == '6666'</arg>
<arg>Should Be Equal As Strings</arg>
<arg>${item["CompanyCode"]}</arg>
<arg>6666</arg>
<doc>Runs the given keyword with the given arguments, if ``condition`` is true.</doc>
<status status="PASS" starttime="20250424 16:32:40.753" endtime="20250424 16:32:40.754"/>
</kw>
<status status="PASS" starttime="20250424 16:32:40.753" endtime="20250424 16:32:40.754"/>
</iter>
<iter>
<var name="${item}">{'__metadata': {'id': "https://sandbox.api.sap.com/s4hanacloud/sap/opu/odata/sap/API_SALESORGANIZATION_SRV/A_SalesOrganization('DE10')", 'uri': "https://sandbox.api.sap.com/s4hanacloud/sap/opu/odata/s...</var>
<kw name="Run Keyword If" library="BuiltIn">
<arg>'${item["SalesOrganization"]}' == '6666'</arg>
<arg>Should Be Equal As Strings</arg>
<arg>${item["CompanyCode"]}</arg>
<arg>6666</arg>
<doc>Runs the given keyword with the given arguments, if ``condition`` is true.</doc>
<status status="PASS" starttime="20250424 16:32:40.754" endtime="20250424 16:32:40.754"/>
</kw>
<status status="PASS" starttime="20250424 16:32:40.754" endtime="20250424 16:32:40.754"/>
</iter>
<iter>
<var name="${item}">{'__metadata': {'id': "https://sandbox.api.sap.com/s4hanacloud/sap/opu/odata/sap/API_SALESORGANIZATION_SRV/A_SalesOrganization('DE20')", 'uri': "https://sandbox.api.sap.com/s4hanacloud/sap/opu/odata/s...</var>
<kw name="Run Keyword If" library="BuiltIn">
<arg>'${item["SalesOrganization"]}' == '6666'</arg>
<arg>Should Be Equal As Strings</arg>
<arg>${item["CompanyCode"]}</arg>
<arg>6666</arg>
<doc>Runs the given keyword with the given arguments, if ``condition`` is true.</doc>
<status status="PASS" starttime="20250424 16:32:40.755" endtime="20250424 16:32:40.755"/>
</kw>
<status status="PASS" starttime="20250424 16:32:40.755" endtime="20250424 16:32:40.755"/>
</iter>
<iter>
<var name="${item}">{'__metadata': {'id': "https://sandbox.api.sap.com/s4hanacloud/sap/opu/odata/sap/API_SALESORGANIZATION_SRV/A_SalesOrganization('DEC1')", 'uri': "https://sandbox.api.sap.com/s4hanacloud/sap/opu/odata/s...</var>
<kw name="Run Keyword If" library="BuiltIn">
<arg>'${item["SalesOrganization"]}' == '6666'</arg>
<arg>Should Be Equal As Strings</arg>
<arg>${item["CompanyCode"]}</arg>
<arg>6666</arg>
<doc>Runs the given keyword with the given arguments, if ``condition`` is true.</doc>
<status status="PASS" starttime="20250424 16:32:40.755" endtime="20250424 16:32:40.756"/>
</kw>
<status status="PASS" starttime="20250424 16:32:40.755" endtime="20250424 16:32:40.756"/>
</iter>
<iter>
<var name="${item}">{'__metadata': {'id': "https://sandbox.api.sap.com/s4hanacloud/sap/opu/odata/sap/API_SALESORGANIZATION_SRV/A_SalesOrganization('AUC1')", 'uri': "https://sandbox.api.sap.com/s4hanacloud/sap/opu/odata/s...</var>
<kw name="Run Keyword If" library="BuiltIn">
<arg>'${item["SalesOrganization"]}' == '6666'</arg>
<arg>Should Be Equal As Strings</arg>
<arg>${item["CompanyCode"]}</arg>
<arg>6666</arg>
<doc>Runs the given keyword with the given arguments, if ``condition`` is true.</doc>
<status status="PASS" starttime="20250424 16:32:40.756" endtime="20250424 16:32:40.757"/>
</kw>
<status status="PASS" starttime="20250424 16:32:40.756" endtime="20250424 16:32:40.757"/>
</iter>
<iter>
<var name="${item}">{'__metadata': {'id': "https://sandbox.api.sap.com/s4hanacloud/sap/opu/odata/sap/API_SALESORGANIZATION_SRV/A_SalesOrganization('US10')", 'uri': "https://sandbox.api.sap.com/s4hanacloud/sap/opu/odata/s...</var>
<kw name="Run Keyword If" library="BuiltIn">
<arg>'${item["SalesOrganization"]}' == '6666'</arg>
<arg>Should Be Equal As Strings</arg>
<arg>${item["CompanyCode"]}</arg>
<arg>6666</arg>
<doc>Runs the given keyword with the given arguments, if ``condition`` is true.</doc>
<status status="PASS" starttime="20250424 16:32:40.757" endtime="20250424 16:32:40.757"/>
</kw>
<status status="PASS" starttime="20250424 16:32:40.757" endtime="20250424 16:32:40.757"/>
</iter>
<iter>
<var name="${item}">{'__metadata': {'id': "https://sandbox.api.sap.com/s4hanacloud/sap/opu/odata/sap/API_SALESORGANIZATION_SRV/A_SalesOrganization('US20')", 'uri': "https://sandbox.api.sap.com/s4hanacloud/sap/opu/odata/s...</var>
<kw name="Run Keyword If" library="BuiltIn">
<arg>'${item["SalesOrganization"]}' == '6666'</arg>
<arg>Should Be Equal As Strings</arg>
<arg>${item["CompanyCode"]}</arg>
<arg>6666</arg>
<doc>Runs the given keyword with the given arguments, if ``condition`` is true.</doc>
<status status="PASS" starttime="20250424 16:32:40.757" endtime="20250424 16:32:40.758"/>
</kw>
<status status="PASS" starttime="20250424 16:32:40.757" endtime="20250424 16:32:40.758"/>
</iter>
<iter>
<var name="${item}">{'__metadata': {'id': "https://sandbox.api.sap.com/s4hanacloud/sap/opu/odata/sap/API_SALESORGANIZATION_SRV/A_SalesOrganization('USC1')", 'uri': "https://sandbox.api.sap.com/s4hanacloud/sap/opu/odata/s...</var>
<kw name="Run Keyword If" library="BuiltIn">
<arg>'${item["SalesOrganization"]}' == '6666'</arg>
<arg>Should Be Equal As Strings</arg>
<arg>${item["CompanyCode"]}</arg>
<arg>6666</arg>
<doc>Runs the given keyword with the given arguments, if ``condition`` is true.</doc>
<status status="PASS" starttime="20250424 16:32:40.758" endtime="20250424 16:32:40.759"/>
</kw>
<status status="PASS" starttime="20250424 16:32:40.758" endtime="20250424 16:32:40.759"/>
</iter>
<iter>
<var name="${item}">{'__metadata': {'id': "https://sandbox.api.sap.com/s4hanacloud/sap/opu/odata/sap/API_SALESORGANIZATION_SRV/A_SalesOrganization('6666')", 'uri': "https://sandbox.api.sap.com/s4hanacloud/sap/opu/odata/s...</var>
<kw name="Run Keyword If" library="BuiltIn">
<arg>'${item["SalesOrganization"]}' == '6666'</arg>
<arg>Should Be Equal As Strings</arg>
<arg>${item["CompanyCode"]}</arg>
<arg>6666</arg>
<doc>Runs the given keyword with the given arguments, if ``condition`` is true.</doc>
<kw name="Should Be Equal As Strings" library="BuiltIn">
<arg>${item["CompanyCode"]}</arg>
<arg>6666</arg>
<doc>Fails if objects are unequal after converting them to strings.</doc>
<status status="PASS" starttime="20250424 16:32:40.759" endtime="20250424 16:32:40.760"/>
</kw>
<status status="PASS" starttime="20250424 16:32:40.759" endtime="20250424 16:32:40.760"/>
</kw>
<status status="PASS" starttime="20250424 16:32:40.759" endtime="20250424 16:32:40.760"/>
</iter>
<iter>
<var name="${item}">{'__metadata': {'id': "https://sandbox.api.sap.com/s4hanacloud/sap/opu/odata/sap/API_SALESORGANIZATION_SRV/A_SalesOrganization('HO12')", 'uri': "https://sandbox.api.sap.com/s4hanacloud/sap/opu/odata/s...</var>
<kw name="Run Keyword If" library="BuiltIn">
<arg>'${item["SalesOrganization"]}' == '6666'</arg>
<arg>Should Be Equal As Strings</arg>
<arg>${item["CompanyCode"]}</arg>
<arg>6666</arg>
<doc>Runs the given keyword with the given arguments, if ``condition`` is true.</doc>
<status status="PASS" starttime="20250424 16:32:40.760" endtime="20250424 16:32:40.761"/>
</kw>
<status status="PASS" starttime="20250424 16:32:40.760" endtime="20250424 16:32:40.761"/>
</iter>
<status status="PASS" starttime="20250424 16:32:40.749" endtime="20250424 16:32:40.761"/>
</for>
<status status="PASS" starttime="20250424 16:32:40.748" endtime="20250424 16:32:40.761"/>
</kw>
<status status="PASS" starttime="20250424 16:32:39.904" endtime="20250424 16:32:40.762"/>
</test>
<status status="PASS" starttime="20250424 16:32:37.348" endtime="20250424 16:32:40.763"/>
</suite>
<statistics>
<total>
<stat pass="3" fail="0" skip="0">All Tests</stat>
</total>
<tag>
</tag>
<suite>
<stat pass="3" fail="0" skip="0" id="s1" name="Test Sales Organization">Test Sales Organization</stat>
</suite>
</statistics>
<errors>
</errors>
</robot>
